Unable to capture context for thread 18948 in process 21636, can not generate back trace
Exception at PC 0x00007FFA082CBB93
Printing stacktrace...

Exception at PC 0x00007FFA8F0B3C58
Exception at PC 0x00007FFA8F0B3C58
Exception at PC 0x00007FFA8F0B3C58
Exception at PC 0x00007FFA8F0B3C58
Exception at PC 0x00007FFA8F0B3C58
Exception at PC 0x00007FFA8F0B3C58
Exception at PC 0x00007FFA8F0B3C58
Exception at PC 0x00007FFA8F0B3C58
Exception at PC 0x00007FFA8F0B3C58
Exception at PC 0x00007FFA8F0B3C58
Exception at PC 0x00007FFA8F0B3C58
Exception at PC 0x00007FFA8F0B3C58
[0]  [0x00007FFA082CBB93]
[1]  [0x00007FFA082CBB93]
[2]  [0x00007FFA082CB4A1]
[3]  [0x00007FFA082CB3EF]
[4]  [0x00007FFA082B19FE]
[5]  [0x00007FFA082B0ED1]
[6]  [0x00007FFA082B0D76]
[7]  [0x00007FFA082579F6]
[8]  [0x00007FFA08247AFB]
[9]  [0x00007FFA0836E90A]
[10]  [0x00007FFA08389F87]
[11]  [0x00007FFA0838A05F]
[12] (BaseThreadInitThunk+0x14) [0x00007FFA90528364]
[13] (RtlUserThreadStart+0x21) [0x00007FFA926D7091]
Done
Exception at PC 0x00007FFA8F0B3C58
Exception at PC 0x00007FFA8F0B3C58
Exception at PC 0x00007FFA8F0B3C58
Exception at PC 0x00007FFA8F0B3C58
Exception at PC 0x00007FFA8F0B3C58
Exception at PC 0x00007FFA8F0B3C58
