Vivado Simulator 2016.4
Copyright 1986-1999, 2001-2016 Xilinx, Inc. All Rights Reserved.
Running: C:/Xilinx/Vivado/2016.4/bin/unwrapped/win64.o/xelab.exe -wto a336b728aceb4fbd9537ecbea2de6e51 --debug typical --relax --mt 2 -L xil_defaultlib -L secureip --snapshot audio_behav xil_defaultlib.audio -log elaborate.log 
Using 2 slave threads.
Starting static elaboration
Completed static elaboration
Starting simulation data flow analysis
Completed simulation data flow analysis
Time Resolution for simulation is 1ps
Compiling package std.standard
Compiling package std.textio
Compiling package ieee.std_logic_1164
Compiling package ieee.std_logic_arith
Compiling package ieee.std_logic_unsigned
Compiling package ieee.math_real
Compiling package ieee.numeric_std
Compiling architecture behavioral of entity xil_defaultlib.PDMPCM [pdmpcm_default]
Compiling architecture behavioral of entity xil_defaultlib.PsramCntrl [psramcntrl_default]
Compiling architecture behavioral of entity xil_defaultlib.LedBar [\LedBar(c_seconds_to_record=5)\]
Compiling architecture behavioral of entity xil_defaultlib.audio
Built simulation snapshot audio_behav
